<?xml version="1.0" encoding="UTF-8"?>
<!-- Generated by org.testng.reporters.JUnitReportReporter -->
<testsuite hostname="Dell" failures="0" tests="4" name="PKG1.DynamicJson" time="3.375" errors="0" timestamp="2023-10-04T22:52:19 IST" skipped="0">
  <testcase classname="PKG1.DynamicJson" name="addBookPost" time="0.267"/>
  <testcase classname="PKG1.DynamicJson" name="addBookPost" time="0.251"/>
  <testcase classname="PKG1.DynamicJson" name="addBookPost" time="2.601"/>
  <testcase classname="PKG1.DynamicJson" name="addBookPost" time="0.256"/>
</testsuite> <!-- PKG1.DynamicJson -->
